<?xml version="1.0" encoding="UTF-8"?>
<!-- Generated by org.testng.reporters.JUnitReportReporter -->
<testsuite hostname="DESKTOP-I0U8V9H" failures="0" tests="1" name="kirubhakaran.nopcommerce.tests.VerifyRegisterTest" time="25.616" errors="0" timestamp="2023-04-02T19:19:32 IST" skipped="0">
  <testcase classname="kirubhakaran.nopcommerce.tests.VerifyRegisterTest" name="Test_Register_Success" time="25.616"/>
  <system-out/>
</testsuite> <!-- kirubhakaran.nopcommerce.tests.VerifyRegisterTest -->
