<?xml version="1.0" encoding="UTF-8"?>
<!-- Generated by org.testng.reporters.JUnitReportReporter -->
<testsuite hostname="DESKTOP-I0U8V9H" failures="0" tests="2" name="kirubhakaran.nopcommerce.tests.VerifyHomePageTest" time="7.037" errors="0" timestamp="2023-04-02T19:19:32 IST" skipped="0">
  <testcase classname="kirubhakaran.nopcommerce.tests.VerifyHomePageTest" name="AddProductToCartAndCheckOut" time="2.108"/>
  <system-out/>
  <testcase classname="kirubhakaran.nopcommerce.tests.VerifyHomePageTest" name="Test_ProductSearch_Success" time="4.929"/>
  <system-out/>
</testsuite> <!-- kirubhakaran.nopcommerce.tests.VerifyHomePageTest -->
