<?xml version="1.0" encoding="UTF-8"?>
<!-- Generated by org.testng.reporters.JUnitReportReporter -->
<testsuite hostname="DESKTOP-I0U8V9H" failures="0" tests="1" name="kirubhakaran.nopcommerce.tests.VerifyLoginTest" time="2.052" errors="0" timestamp="2023-04-02T19:19:32 IST" skipped="0">
  <testcase classname="kirubhakaran.nopcommerce.tests.VerifyLoginTest" name="Test_Login_Success" time="2.052"/>
  <system-out/>
</testsuite> <!-- kirubhakaran.nopcommerce.tests.VerifyLoginTest -->
