<?xml version="1.0" encoding="UTF-8"?>
<!-- Generated by org.testng.reporters.JUnitReportReporter -->
<testsuite hostname="DESKTOP-I0U8V9H" failures="0" tests="2" name="kirubhakaran.nopcommerce.tests.VerifyCheckOutTest" time="6.193" errors="0" timestamp="2023-04-02T19:19:32 IST" skipped="0">
  <testcase classname="kirubhakaran.nopcommerce.tests.VerifyCheckOutTest" name="Start_CheckOut_Success" time="2.323"/>
  <system-out/>
  <testcase classname="kirubhakaran.nopcommerce.tests.VerifyCheckOutTest" name="Complete_CheckOut_Success" time="3.870"/>
  <system-out/>
</testsuite> <!-- kirubhakaran.nopcommerce.tests.VerifyCheckOutTest -->
